'ManagerReports.exe' (CLR v4.0.30319: DefaultDomain): Loaded 'C:\Windows\Microsoft.Net\assembly\GAC_32\mscorlib\v4.0_4.0.0.0__b77a5c561934e089\mscorlib.dll'. Skipped loading symbols. Module is optimized and the debugger option 'Just My Code' is enabled.
'ManagerReports.exe' (CLR v4.0.30319: DefaultDomain): Loaded 'C:\Users\aschiavone\Desktop\Dumps\Project\ManagerReports\bin\Debug\net452\win7-x86\ManagerReports.exe'. Symbols loaded.
'ManagerReports.exe' (CLR v4.0.30319: ManagerReports.exe): Loaded 'C:\Users\aschiavone\Desktop\Dumps\Project\ManagerReports\bin\Debug\net452\win7-x86\Microsoft.AspNetCore.Hosting.dll'. Skipped loading symbols. Module is optimized and the debugger option 'Just My Code' is enabled.
'ManagerReports.exe' (CLR v4.0.30319: ManagerReports.exe): Loaded 'C:\Users\aschiavone\Desktop\Dumps\Project\ManagerReports\bin\Debug\net452\win7-x86\Microsoft.AspNetCore.Hosting.Abstractions.dll'. Skipped loading symbols. Module is optimized and the debugger option 'Just My Code' is enabled.
'ManagerReports.exe' (CLR v4.0.30319: ManagerReports.exe): Loaded 'C:\Users\aschiavone\Desktop\Dumps\Project\ManagerReports\bin\Debug\net452\win7-x86\Microsoft.Extensions.Logging.Abstractions.dll'. Skipped loading symbols. Module is optimized and the debugger option 'Just My Code' is enabled.
'ManagerReports.exe' (CLR v4.0.30319: ManagerReports.exe): Loaded 'C:\Users\aschiavone\Desktop\Dumps\Project\ManagerReports\bin\Debug\net452\win7-x86\Microsoft.Extensions.DependencyInjection.Abstractions.dll'. Skipped loading symbols. Module is optimized and the debugger option 'Just My Code' is enabled.
'ManagerReports.exe' (CLR v4.0.30319: ManagerReports.exe): Loaded 'C:\Users\aschiavone\Desktop\Dumps\Project\ManagerReports\bin\Debug\net452\win7-x86\Microsoft.AspNetCore.Server.Kestrel.dll'. Skipped loading symbols. Module is optimized and the debugger option 'Just My Code' is enabled.
'ManagerReports.exe' (CLR v4.0.30319: ManagerReports.exe): Loaded 'C:\Users\aschiavone\Desktop\Dumps\Project\ManagerReports\bin\Debug\net452\win7-x86\Microsoft.AspNetCore.Server.IISIntegration.dll'. Skipped loading symbols. Module is optimized and the debugger option 'Just My Code' is enabled.
'ManagerReports.exe' (CLR v4.0.30319: ManagerReports.exe): Loaded 'C:\Users\aschiavone\Desktop\Dumps\Project\ManagerReports\bin\Debug\net452\win7-x86\Microsoft.Extensions.FileProviders.Abstractions.dll'. Skipped loading symbols. Module is optimized and the debugger option 'Just My Code' is enabled.
'ManagerReports.exe' (CLR v4.0.30319: ManagerReports.exe): Loaded 'C:\Windows\Microsoft.Net\assembly\GAC_MSIL\System.Runtime\v4.0_4.0.0.0__b03f5f7f11d50a3a\System.Runtime.dll'. Skipped loading symbols. Module is optimized and the debugger option 'Just My Code' is enabled.
'ManagerReports.exe' (CLR v4.0.30319: ManagerReports.exe): Loaded 'C:\Users\aschiavone\Desktop\Dumps\Project\ManagerReports\bin\Debug\net452\win7-x86\Microsoft.Extensions.Configuration.dll'. Skipped loading symbols. Module is optimized and the debugger option 'Just My Code' is enabled.
'ManagerReports.exe' (CLR v4.0.30319: ManagerReports.exe): Loaded 'C:\Users\aschiavone\Desktop\Dumps\Project\ManagerReports\bin\Debug\net452\win7-x86\Microsoft.Extensions.Configuration.Abstractions.dll'. Skipped loading symbols. Module is optimized and the debugger option 'Just My Code' is enabled.
'ManagerReports.exe' (CLR v4.0.30319: ManagerReports.exe): Loaded 'C:\Windows\Microsoft.Net\assembly\GAC_MSIL\System.Collections\v4.0_4.0.0.0__b03f5f7f11d50a3a\System.Collections.dll'. Skipped loading symbols. Module is optimized and the debugger option 'Just My Code' is enabled.
'ManagerReports.exe' (CLR v4.0.30319: ManagerReports.exe): Loaded 'C:\Users\aschiavone\Desktop\Dumps\Project\ManagerReports\bin\Debug\net452\win7-x86\Microsoft.Extensions.Configuration.EnvironmentVariables.dll'. Skipped loading symbols. Module is optimized and the debugger option 'Just My Code' is enabled.
'ManagerReports.exe' (CLR v4.0.30319: ManagerReports.exe): Loaded 'C:\Users\aschiavone\Desktop\Dumps\Project\ManagerReports\bin\Debug\net452\win7-x86\Microsoft.Extensions.Primitives.dll'. Skipped loading symbols. Module is optimized and the debugger option 'Just My Code' is enabled.
'ManagerReports.exe' (CLR v4.0.30319: ManagerReports.exe): Loaded 'C:\Windows\Microsoft.Net\assembly\GAC_MSIL\System.Runtime.Extensions\v4.0_4.0.0.0__b03f5f7f11d50a3a\System.Runtime.Extensions.dll'. Skipped loading symbols. Module is optimized and the debugger option 'Just My Code' is enabled.
'ManagerReports.exe' (CLR v4.0.30319: ManagerReports.exe): Loaded 'C:\Windows\Microsoft.Net\assembly\GAC_MSIL\System.Threading.Tasks\v4.0_4.0.0.0__b03f5f7f11d50a3a\System.Threading.Tasks.dll'. Skipped loading symbols. Module is optimized and the debugger option 'Just My Code' is enabled.
'ManagerReports.exe' (CLR v4.0.30319: ManagerReports.exe): Loaded 'C:\Windows\Microsoft.Net\assembly\GAC_MSIL\System.Core\v4.0_4.0.0.0__b77a5c561934e089\System.Core.dll'. Skipped loading symbols. Module is optimized and the debugger option 'Just My Code' is enabled.
'ManagerReports.exe' (CLR v4.0.30319: ManagerReports.exe): Loaded 'C:\Windows\Microsoft.Net\assembly\GAC_MSIL\System\v4.0_4.0.0.0__b77a5c561934e089\System.dll'. Skipped loading symbols. Module is optimized and the debugger option 'Just My Code' is enabled.
'ManagerReports.exe' (CLR v4.0.30319: ManagerReports.exe): Loaded 'C:\Windows\Microsoft.Net\assembly\GAC_MSIL\System.Linq\v4.0_4.0.0.0__b03f5f7f11d50a3a\System.Linq.dll'. Skipped loading symbols. Module is optimized and the debugger option 'Just My Code' is enabled.
'ManagerReports.exe' (CLR v4.0.30319: ManagerReports.exe): Loaded 'C:\Users\aschiavone\Desktop\Dumps\Project\ManagerReports\bin\Debug\net452\win7-x86\Microsoft.Extensions.DependencyInjection.dll'. Skipped loading symbols. Module is optimized and the debugger option 'Just My Code' is enabled.
'ManagerReports.exe' (CLR v4.0.30319: ManagerReports.exe): Loaded 'C:\Windows\Microsoft.Net\assembly\GAC_MSIL\System.ComponentModel\v4.0_4.0.0.0__b03f5f7f11d50a3a\System.ComponentModel.dll'. Module was built without symbols.
'ManagerReports.exe' (CLR v4.0.30319: ManagerReports.exe): Loaded 'C:\Users\aschiavone\Desktop\Dumps\Project\ManagerReports\bin\Debug\net452\win7-x86\Microsoft.AspNetCore.Http.Features.dll'. Skipped loading symbols. Module is optimized and the debugger option 'Just My Code' is enabled.
'ManagerReports.exe' (CLR v4.0.30319: ManagerReports.exe): Loaded 'C:\Users\aschiavone\Desktop\Dumps\Project\ManagerReports\bin\Debug\net452\win7-x86\System.Diagnostics.DiagnosticSource.dll'. Skipped loading symbols. Module is optimized and the debugger option 'Just My Code' is enabled.
'ManagerReports.exe' (CLR v4.0.30319: ManagerReports.exe): Loaded 'C:\Users\aschiavone\Desktop\Dumps\Project\ManagerReports\bin\Debug\net452\win7-x86\Microsoft.AspNetCore.Http.Abstractions.dll'. Skipped loading symbols. Module is optimized and the debugger option 'Just My Code' is enabled.
'ManagerReports.exe' (CLR v4.0.30319: ManagerReports.exe): Loaded 'C:\Users\aschiavone\Desktop\Dumps\Project\ManagerReports\bin\Debug\net452\win7-x86\Microsoft.Extensions.PlatformAbstractions.dll'. Skipped loading symbols. Module is optimized and the debugger option 'Just My Code' is enabled.
'ManagerReports.exe' (CLR v4.0.30319: ManagerReports.exe): Loaded 'C:\Users\aschiavone\Desktop\Dumps\Project\ManagerReports\bin\Debug\net452\win7-x86\Microsoft.Extensions.Logging.dll'. Skipped loading symbols. Module is optimized and the debugger option 'Just My Code' is enabled.
'ManagerReports.exe' (CLR v4.0.30319: ManagerReports.exe): Loaded 'C:\Users\aschiavone\Desktop\Dumps\Project\ManagerReports\bin\Debug\net452\win7-x86\Microsoft.AspNetCore.Http.dll'. Skipped loading symbols. Module is optimized and the debugger option 'Just My Code' is enabled.
'ManagerReports.exe' (CLR v4.0.30319: ManagerReports.exe): Loaded 'C:\Users\aschiavone\Desktop\Dumps\Project\ManagerReports\bin\Debug\net452\win7-x86\Microsoft.Extensions.Options.dll'. Skipped loading symbols. Module is optimized and the debugger option 'Just My Code' is enabled.
'ManagerReports.exe' (CLR v4.0.30319: ManagerReports.exe): Loaded 'C:\Users\aschiavone\Desktop\Dumps\Project\ManagerReports\bin\Debug\net452\win7-x86\Microsoft.Extensions.ObjectPool.dll'. Skipped loading symbols. Module is optimized and the debugger option 'Just My Code' is enabled.
'ManagerReports.exe' (CLR v4.0.30319: ManagerReports.exe): Loaded 'C:\Users\aschiavone\Desktop\Dumps\Project\ManagerReports\bin\Debug\net452\win7-x86\Microsoft.Extensions.FileProviders.Physical.dll'. Skipped loading symbols. Module is optimized and the debugger option 'Just My Code' is enabled.
'ManagerReports.exe' (CLR v4.0.30319: ManagerReports.exe): Loaded 'C:\Users\aschiavone\Desktop\Dumps\Project\ManagerReports\bin\Debug\net452\win7-x86\Microsoft.Extensions.FileSystemGlobbing.dll'. Skipped loading symbols. Module is optimized and the debugger option 'Just My Code' is enabled.
'ManagerReports.exe' (CLR v4.0.30319: ManagerReports.exe): Loaded 'C:\Windows\Microsoft.Net\assembly\GAC_MSIL\System.Threading\v4.0_4.0.0.0__b03f5f7f11d50a3a\System.Threading.dll'. Skipped loading symbols. Module is optimized and the debugger option 'Just My Code' is enabled.
'ManagerReports.exe' (CLR v4.0.30319: ManagerReports.exe): Loaded 'C:\Windows\Microsoft.Net\assembly\GAC_MSIL\System.Diagnostics.Tracing\v4.0_4.0.0.0__b03f5f7f11d50a3a\System.Diagnostics.Tracing.dll'. Skipped loading symbols. Module is optimized and the debugger option 'Just My Code' is enabled.
'ManagerReports.exe' (CLR v4.0.30319: ManagerReports.exe): Loaded 'C:\Users\aschiavone\Desktop\Dumps\Project\ManagerReports\bin\Debug\net452\win7-x86\Microsoft.AspNetCore.Hosting.Server.Abstractions.dll'. Skipped loading symbols. Module is optimized and the debugger option 'Just My Code' is enabled.
'ManagerReports.exe' (CLR v4.0.30319: ManagerReports.exe): Loaded 'C:\Users\aschiavone\Desktop\Dumps\Project\ManagerReports\bin\Debug\net452\win7-x86\Microsoft.AspNetCore.HttpOverrides.dll'. Skipped loading symbols. Module is optimized and the debugger option 'Just My Code' is enabled.
'ManagerReports.exe' (CLR v4.0.30319: ManagerReports.exe): Loaded 'C:\Windows\Microsoft.Net\assembly\GAC_MSIL\System.Collections.Concurrent\v4.0_4.0.0.0__b03f5f7f11d50a3a\System.Collections.Concurrent.dll'. Skipped loading symbols. Module is optimized and the debugger option 'Just My Code' is enabled.
'ManagerReports.exe' (CLR v4.0.30319: ManagerReports.exe): Loaded 'C:\Windows\Microsoft.Net\assembly\GAC_MSIL\System.Reflection\v4.0_4.0.0.0__b03f5f7f11d50a3a\System.Reflection.dll'. Skipped loading symbols. Module is optimized and the debugger option 'Just My Code' is enabled.
'ManagerReports.exe' (CLR v4.0.30319: ManagerReports.exe): Loaded 'C:\Users\aschiavone\Desktop\Dumps\Project\ManagerReports\bin\Debug\net452\win7-x86\System.Runtime.InteropServices.RuntimeInformation.dll'. Skipped loading symbols. Module is optimized and the debugger option 'Just My Code' is enabled.
'ManagerReports.exe' (CLR v4.0.30319: ManagerReports.exe): Loaded 'C:\Users\aschiavone\Desktop\Dumps\Project\ManagerReports\bin\Debug\net452\win7-x86\Microsoft.Extensions.Configuration.FileExtensions.dll'. Skipped loading symbols. Module is optimized and the debugger option 'Just My Code' is enabled.
'ManagerReports.exe' (CLR v4.0.30319: ManagerReports.exe): Loaded 'C:\Users\aschiavone\Desktop\Dumps\Project\ManagerReports\bin\Debug\net452\win7-x86\Microsoft.Extensions.Configuration.Json.dll'. Skipped loading symbols. Module is optimized and the debugger option 'Just My Code' is enabled.
'ManagerReports.exe' (CLR v4.0.30319: ManagerReports.exe): Loaded 'C:\Windows\Microsoft.Net\assembly\GAC_MSIL\System.Linq.Expressions\v4.0_4.0.0.0__b03f5f7f11d50a3a\System.Linq.Expressions.dll'. Skipped loading symbols. Module is optimized and the debugger option 'Just My Code' is enabled.
'ManagerReports.exe' (CLR v4.0.30319: ManagerReports.exe): Loaded 'Anonymously Hosted DynamicMethods Assembly'. 
'ManagerReports.exe' (CLR v4.0.30319: ManagerReports.exe): Loaded 'C:\Windows\Microsoft.Net\assembly\GAC_MSIL\System.IO\v4.0_4.0.0.0__b03f5f7f11d50a3a\System.IO.dll'. Skipped loading symbols. Module is optimized and the debugger option 'Just My Code' is enabled.
'ManagerReports.exe' (CLR v4.0.30319: ManagerReports.exe): Loaded 'C:\Users\aschiavone\Desktop\Dumps\Project\ManagerReports\bin\Debug\net452\win7-x86\Newtonsoft.Json.dll'. Skipped loading symbols. Module is optimized and the debugger option 'Just My Code' is enabled.
'ManagerReports.exe' (CLR v4.0.30319: ManagerReports.exe): Loaded 'C:\Windows\Microsoft.Net\assembly\GAC_MSIL\System.Numerics\v4.0_4.0.0.0__b77a5c561934e089\System.Numerics.dll'. Skipped loading symbols. Module is optimized and the debugger option 'Just My Code' is enabled.
'ManagerReports.exe' (CLR v4.0.30319: ManagerReports.exe): Loaded 'C:\Users\aschiavone\Desktop\Dumps\Project\ManagerReports\bin\Debug\net452\win7-x86\EntityFramework.dll'. Skipped loading symbols. Module is optimized and the debugger option 'Just My Code' is enabled.
'ManagerReports.exe' (CLR v4.0.30319: ManagerReports.exe): Loaded 'C:\Users\aschiavone\Desktop\Dumps\Project\ManagerReports\bin\Debug\net452\win7-x86\Microsoft.AspNetCore.Mvc.dll'. Skipped loading symbols. Module is optimized and the debugger option 'Just My Code' is enabled.
'ManagerReports.exe' (CLR v4.0.30319: ManagerReports.exe): Loaded 'C:\Users\aschiavone\Desktop\Dumps\Project\ManagerReports\bin\Debug\net452\win7-x86\Microsoft.AspNetCore.Mvc.Core.dll'. Skipped loading symbols. Module is optimized and the debugger option 'Just My Code' is enabled.
'ManagerReports.exe' (CLR v4.0.30319: ManagerReports.exe): Loaded 'C:\Users\aschiavone\Desktop\Dumps\Project\ManagerReports\bin\Debug\net452\win7-x86\Microsoft.AspNetCore.Mvc.ApiExplorer.dll'. Skipped loading symbols. Module is optimized and the debugger option 'Just My Code' is enabled.
'ManagerReports.exe' (CLR v4.0.30319: ManagerReports.exe): Loaded 'C:\Users\aschiavone\Desktop\Dumps\Project\ManagerReports\bin\Debug\net452\win7-x86\Microsoft.AspNetCore.Mvc.ViewFeatures.dll'. Skipped loading symbols. Module is optimized and the debugger option 'Just My Code' is enabled.
'ManagerReports.exe' (CLR v4.0.30319: ManagerReports.exe): Loaded 'C:\Users\aschiavone\Desktop\Dumps\Project\ManagerReports\bin\Debug\net452\win7-x86\Microsoft.AspNetCore.Mvc.Razor.dll'. Skipped loading symbols. Module is optimized and the debugger option 'Just My Code' is enabled.
'ManagerReports.exe' (CLR v4.0.30319: ManagerReports.exe): Loaded 'C:\Users\aschiavone\Desktop\Dumps\Project\ManagerReports\bin\Debug\net452\win7-x86\Microsoft.AspNetCore.Razor.Runtime.dll'. Skipped loading symbols. Module is optimized and the debugger option 'Just My Code' is enabled.
'ManagerReports.exe' (CLR v4.0.30319: ManagerReports.exe): Loaded 'C:\Users\aschiavone\Desktop\Dumps\Project\ManagerReports\bin\Debug\net452\win7-x86\Microsoft.AspNetCore.Mvc.TagHelpers.dll'. Skipped loading symbols. Module is optimized and the debugger option 'Just My Code' is enabled.
'ManagerReports.exe' (CLR v4.0.30319: ManagerReports.exe): Loaded 'C:\Users\aschiavone\Desktop\Dumps\Project\ManagerReports\bin\Debug\net452\win7-x86\Microsoft.AspNetCore.Mvc.DataAnnotations.dll'. Skipped loading symbols. Module is optimized and the debugger option 'Just My Code' is enabled.
'ManagerReports.exe' (CLR v4.0.30319: ManagerReports.exe): Loaded 'C:\Users\aschiavone\Desktop\Dumps\Project\ManagerReports\bin\Debug\net452\win7-x86\Microsoft.AspNetCore.Mvc.Formatters.Json.dll'. Skipped loading symbols. Module is optimized and the debugger option 'Just My Code' is enabled.
'ManagerReports.exe' (CLR v4.0.30319: ManagerReports.exe): Loaded 'C:\Users\aschiavone\Desktop\Dumps\Project\ManagerReports\bin\Debug\net452\win7-x86\Microsoft.AspNetCore.Mvc.Cors.dll'. Skipped loading symbols. Module is optimized and the debugger option 'Just My Code' is enabled.
'ManagerReports.exe' (CLR v4.0.30319: ManagerReports.exe): Loaded 'C:\Users\aschiavone\Desktop\Dumps\Project\ManagerReports\bin\Debug\net452\win7-x86\Microsoft.AspNetCore.Mvc.Abstractions.dll'. Skipped loading symbols. Module is optimized and the debugger option 'Just My Code' is enabled.
'ManagerReports.exe' (CLR v4.0.30319: ManagerReports.exe): Loaded 'C:\Users\aschiavone\Desktop\Dumps\Project\ManagerReports\bin\Debug\net452\win7-x86\Microsoft.AspNetCore.Routing.dll'. Skipped loading symbols. Module is optimized and the debugger option 'Just My Code' is enabled.
'ManagerReports.exe' (CLR v4.0.30319: ManagerReports.exe): Loaded 'C:\Users\aschiavone\Desktop\Dumps\Project\ManagerReports\bin\Debug\net452\win7-x86\Microsoft.Extensions.DependencyModel.dll'. Skipped loading symbols. Module is optimized and the debugger option 'Just My Code' is enabled.
'ManagerReports.exe' (CLR v4.0.30319: ManagerReports.exe): Loaded 'C:\Users\aschiavone\Desktop\Dumps\Project\ManagerReports\bin\Debug\net452\win7-x86\System.Text.Encodings.Web.dll'. Skipped loading symbols. Module is optimized and the debugger option 'Just My Code' is enabled.
'ManagerReports.exe' (CLR v4.0.30319: ManagerReports.exe): Loaded 'C:\Users\aschiavone\Desktop\Dumps\Project\ManagerReports\bin\Debug\net452\win7-x86\System.Buffers.dll'. Skipped loading symbols. Module is optimized and the debugger option 'Just My Code' is enabled.
'ManagerReports.exe' (CLR v4.0.30319: ManagerReports.exe): Loaded 'C:\Users\aschiavone\Desktop\Dumps\Project\ManagerReports\bin\Debug\net452\win7-x86\Microsoft.AspNetCore.Routing.Abstractions.dll'. Skipped loading symbols. Module is optimized and the debugger option 'Just My Code' is enabled.
'ManagerReports.exe' (CLR v4.0.30319: ManagerReports.exe): Loaded 'C:\Windows\Microsoft.Net\assembly\GAC_MSIL\System.Diagnostics.Debug\v4.0_4.0.0.0__b03f5f7f11d50a3a\System.Diagnostics.Debug.dll'. Skipped loading symbols. Module is optimized and the debugger option 'Just My Code' is enabled.
'ManagerReports.exe' (CLR v4.0.30319: ManagerReports.exe): Loaded 'C:\Users\aschiavone\Desktop\Dumps\Project\ManagerReports\bin\Debug\net452\win7-x86\Microsoft.AspNetCore.Authorization.dll'. Skipped loading symbols. Module is optimized and the debugger option 'Just My Code' is enabled.
'ManagerReports.exe' (CLR v4.0.30319: ManagerReports.exe): Loaded 'C:\Users\aschiavone\Desktop\Dumps\Project\ManagerReports\bin\Debug\net452\win7-x86\Microsoft.AspNetCore.DataProtection.dll'. Skipped loading symbols. Module is optimized and the debugger option 'Just My Code' is enabled.
'ManagerReports.exe' (CLR v4.0.30319: ManagerReports.exe): Loaded 'C:\Users\aschiavone\Desktop\Dumps\Project\ManagerReports\bin\Debug\net452\win7-x86\Microsoft.AspNetCore.Antiforgery.dll'. Skipped loading symbols. Module is optimized and the debugger option 'Just My Code' is enabled.
'ManagerReports.exe' (CLR v4.0.30319: ManagerReports.exe): Loaded 'C:\Users\aschiavone\Desktop\Dumps\Project\ManagerReports\bin\Debug\net452\win7-x86\Microsoft.Extensions.WebEncoders.dll'. Skipped loading symbols. Module is optimized and the debugger option 'Just My Code' is enabled.
'ManagerReports.exe' (CLR v4.0.30319: ManagerReports.exe): Loaded 'C:\Users\aschiavone\Desktop\Dumps\Project\ManagerReports\bin\Debug\net452\win7-x86\Microsoft.AspNetCore.Cryptography.Internal.dll'. Skipped loading symbols. Module is optimized and the debugger option 'Just My Code' is enabled.
'ManagerReports.exe' (CLR v4.0.30319: ManagerReports.exe): Loaded 'C:\Users\aschiavone\Desktop\Dumps\Project\ManagerReports\bin\Debug\net452\win7-x86\Microsoft.AspNetCore.DataProtection.Abstractions.dll'. Skipped loading symbols. Module is optimized and the debugger option 'Just My Code' is enabled.
'ManagerReports.exe' (CLR v4.0.30319: ManagerReports.exe): Loaded 'C:\Users\aschiavone\Desktop\Dumps\Project\ManagerReports\bin\Debug\net452\win7-x86\Microsoft.CodeAnalysis.dll'. Skipped loading symbols. Module is optimized and the debugger option 'Just My Code' is enabled.
'ManagerReports.exe' (CLR v4.0.30319: ManagerReports.exe): Loaded 'C:\Users\aschiavone\Desktop\Dumps\Project\ManagerReports\bin\Debug\net452\win7-x86\Microsoft.AspNetCore.Mvc.Razor.Host.dll'. Skipped loading symbols. Module is optimized and the debugger option 'Just My Code' is enabled.
'ManagerReports.exe' (CLR v4.0.30319: ManagerReports.exe): Loaded 'C:\Users\aschiavone\Desktop\Dumps\Project\ManagerReports\bin\Debug\net452\win7-x86\Microsoft.AspNetCore.Razor.dll'. Skipped loading symbols. Module is optimized and the debugger option 'Just My Code' is enabled.
'ManagerReports.exe' (CLR v4.0.30319: ManagerReports.exe): Loaded 'C:\Users\aschiavone\Desktop\Dumps\Project\ManagerReports\bin\Debug\net452\win7-x86\Microsoft.Extensions.Caching.Abstractions.dll'. Skipped loading symbols. Module is optimized and the debugger option 'Just My Code' is enabled.
'ManagerReports.exe' (CLR v4.0.30319: ManagerReports.exe): Loaded 'C:\Users\aschiavone\Desktop\Dumps\Project\ManagerReports\bin\Debug\net452\win7-x86\Microsoft.Extensions.Caching.Memory.dll'. Skipped loading symbols. Module is optimized and the debugger option 'Just My Code' is enabled.
'ManagerReports.exe' (CLR v4.0.30319: ManagerReports.exe): Loaded 'C:\Users\aschiavone\Desktop\Dumps\Project\ManagerReports\bin\Debug\net452\win7-x86\Microsoft.AspNetCore.Cors.dll'. Skipped loading symbols. Module is optimized and the debugger option 'Just My Code' is enabled.
'ManagerReports.exe' (CLR v4.0.30319: ManagerReports.exe): Loaded 'C:\Users\aschiavone\Desktop\Dumps\Project\ManagerReports\bin\Debug\net452\win7-x86\Microsoft.Extensions.Logging.Console.dll'. Skipped loading symbols. Module is optimized and the debugger option 'Just My Code' is enabled.
'ManagerReports.exe' (CLR v4.0.30319: ManagerReports.exe): Loaded 'C:\Users\aschiavone\Desktop\Dumps\Project\ManagerReports\bin\Debug\net452\win7-x86\Microsoft.Extensions.Logging.Debug.dll'. Skipped loading symbols. Module is optimized and the debugger option 'Just My Code' is enabled.
'ManagerReports.exe' (CLR v4.0.30319: ManagerReports.exe): Loaded 'C:\Users\aschiavone\Desktop\Dumps\Project\ManagerReports\bin\Debug\net452\win7-x86\Microsoft.AspNetCore.Diagnostics.dll'. Skipped loading symbols. Module is optimized and the debugger option 'Just My Code' is enabled.
'ManagerReports.exe' (CLR v4.0.30319: ManagerReports.exe): Loaded 'C:\Users\aschiavone\Desktop\Dumps\Project\ManagerReports\bin\Debug\net452\win7-x86\Microsoft.AspNetCore.StaticFiles.dll'. Skipped loading symbols. Module is optimized and the debugger option 'Just My Code' is enabled.
'ManagerReports.exe' (CLR v4.0.30319: ManagerReports.exe): Loaded 'C:\Users\aschiavone\Desktop\Dumps\Project\ManagerReports\bin\Debug\net452\win7-x86\Microsoft.VisualStudio.Web.BrowserLink.dll'. Skipped loading symbols. Module is optimized and the debugger option 'Just My Code' is enabled.
'ManagerReports.exe' (CLR v4.0.30319: ManagerReports.exe): Loaded 'C:\Users\aschiavone\Desktop\Dumps\Project\ManagerReports\bin\Debug\net452\win7-x86\Microsoft.Extensions.Localization.Abstractions.dll'. Skipped loading symbols. Module is optimized and the debugger option 'Just My Code' is enabled.
'ManagerReports.exe' (CLR v4.0.30319: ManagerReports.exe): Loaded 'C:\Users\aschiavone\Desktop\Dumps\Project\ManagerReports\bin\Debug\net452\win7-x86\Microsoft.Net.Http.Headers.dll'. Skipped loading symbols. Module is optimized and the debugger option 'Just My Code' is enabled.
'ManagerReports.exe' (CLR v4.0.30319: ManagerReports.exe): Loaded 'C:\Windows\Microsoft.Net\assembly\GAC_MSIL\System.Globalization\v4.0_4.0.0.0__b03f5f7f11d50a3a\System.Globalization.dll'. Skipped loading symbols. Module is optimized and the debugger option 'Just My Code' is enabled.
'ManagerReports.exe' (CLR v4.0.30319: ManagerReports.exe): Loaded 'C:\Windows\Microsoft.Net\assembly\GAC_MSIL\System.Text.Encoding\v4.0_4.0.0.0__b03f5f7f11d50a3a\System.Text.Encoding.dll'. Skipped loading symbols. Module is optimized and the debugger option 'Just My Code' is enabled.
'ManagerReports.exe' (CLR v4.0.30319: ManagerReports.exe): Loaded 'C:\Users\aschiavone\Desktop\Dumps\Project\ManagerReports\bin\Debug\net452\win7-x86\System.Numerics.Vectors.dll'. Skipped loading symbols. Module is optimized and the debugger option 'Just My Code' is enabled.
'ManagerReports.exe' (CLR v4.0.30319: ManagerReports.exe): Loaded 'C:\Windows\Microsoft.Net\assembly\GAC_MSIL\System.Configuration\v4.0_4.0.0.0__b03f5f7f11d50a3a\System.Configuration.dll'. Skipped loading symbols. Module is optimized and the debugger option 'Just My Code' is enabled.
'ManagerReports.exe' (CLR v4.0.30319: ManagerReports.exe): Loaded 'C:\Windows\Microsoft.Net\assembly\GAC_MSIL\System.Xml\v4.0_4.0.0.0__b77a5c561934e089\System.Xml.dll'. Skipped loading symbols. Module is optimized and the debugger option 'Just My Code' is enabled.
'ManagerReports.exe' (CLR v4.0.30319: ManagerReports.exe): Loaded 'C:\Users\aschiavone\Desktop\Dumps\Project\ManagerReports\bin\Debug\net452\win7-x86\System.Threading.Tasks.Extensions.dll'. Skipped loading symbols. Module is optimized and the debugger option 'Just My Code' is enabled.
Microsoft.AspNetCore.Hosting.Internal.WebHost: Information: Request starting HTTP/1.1 GET http://localhost:54036/ManagerLog  
Microsoft.AspNetCore.Hosting.Internal.WebHost: Information: Request starting HTTP/1.1 GET http://localhost:54036/  
Microsoft.AspNetCore.Hosting.Internal.WebHost: Information: Request starting HTTP/1.1 DEBUG http://localhost:54036/  0
'ManagerReports.exe' (CLR v4.0.30319: ManagerReports.exe): Loaded 'C:\Users\aschiavone\Desktop\Dumps\Project\ManagerReports\bin\Debug\net452\win7-x86\Microsoft.AspNetCore.Http.Extensions.dll'. Skipped loading symbols. Module is optimized and the debugger option 'Just My Code' is enabled.
'ManagerReports.exe' (CLR v4.0.30319: ManagerReports.exe): Loaded 'C:\Users\aschiavone\Desktop\Dumps\Project\ManagerReports\bin\Debug\net452\win7-x86\System.Runtime.CompilerServices.Unsafe.dll'. Module was built without symbols.
'ManagerReports.exe' (CLR v4.0.30319: ManagerReports.exe): Loaded 'C:\Users\aschiavone\Desktop\Dumps\Project\ManagerReports\bin\Debug\net452\win7-x86\Microsoft.AspNetCore.Diagnostics.Abstractions.dll'. Skipped loading symbols. Module is optimized and the debugger option 'Just My Code' is enabled.
Microsoft.AspNetCore.Hosting.Internal.WebHost: Information: Request finished in 143.2204ms 200 
'ManagerReports.exe' (CLR v4.0.30319: ManagerReports.exe): Loaded 'C:\Windows\Microsoft.Net\assembly\GAC_MSIL\System.ComponentModel.DataAnnotations\v4.0_4.0.0.0__31bf3856ad364e35\System.ComponentModel.DataAnnotations.dll'. Skipped loading symbols. Module is optimized and the debugger option 'Just My Code' is enabled.
'ManagerReports.exe' (CLR v4.0.30319: ManagerReports.exe): Loaded 'C:\Users\aschiavone\Desktop\Dumps\Project\ManagerReports\bin\Debug\net452\win7-x86\Microsoft.AspNetCore.Html.Abstractions.dll'. Skipped loading symbols. Module is optimized and the debugger option 'Just My Code' is enabled.
'ManagerReports.exe' (CLR v4.0.30319: ManagerReports.exe): Loaded 'C:\Users\aschiavone\Desktop\Dumps\Project\ManagerReports\bin\Debug\net452\win7-x86\Microsoft.CodeAnalysis.CSharp.dll'. Skipped loading symbols. Module is optimized and the debugger option 'Just My Code' is enabled.
'ManagerReports.exe' (CLR v4.0.30319: ManagerReports.exe): Loaded 'C:\Windows\Microsoft.Net\assembly\GAC_32\System.Data\v4.0_4.0.0.0__b77a5c561934e089\System.Data.dll'. Skipped loading symbols. Module is optimized and the debugger option 'Just My Code' is enabled.
'ManagerReports.exe' (CLR v4.0.30319: ManagerReports.exe): Loaded 'C:\Users\aschiavone\Desktop\Dumps\Project\ManagerReports\bin\Debug\net452\win7-x86\EntityFramework.SqlServer.dll'. Skipped loading symbols. Module is optimized and the debugger option 'Just My Code' is enabled.
Microsoft.AspNetCore.Mvc.Internal.ControllerActionInvoker: Information: Executing action method ManagerReports.Controllers.Web.HomeController.Index (ManagerReports) with arguments ((null)) - ModelState is Valid
'ManagerReports.exe' (CLR v4.0.30319: ManagerReports.exe): Loaded 'C:\Users\aschiavone\Desktop\Dumps\Project\ManagerReports\bin\Debug\net452\win7-x86\Microsoft.AspNetCore.WebUtilities.dll'. Skipped loading symbols. Module is optimized and the debugger option 'Just My Code' is enabled.
Microsoft.AspNetCore.Mvc.RedirectToActionResult: Information: Executing RedirectResult, redirecting to /ManagerLog.
Microsoft.AspNetCore.Mvc.Internal.ControllerActionInvoker: Information: Executing action method ManagerReports.Controllers.Web.ManagerLogController.Index (ManagerReports) with arguments () - ModelState is Valid
Microsoft.AspNetCore.Mvc.Internal.ControllerActionInvoker: Information: Executed action ManagerReports.Controllers.Web.HomeController.Index (ManagerReports) in 421.3331ms
'ManagerReports.exe' (CLR v4.0.30319: ManagerReports.exe): Loaded 'C:\Windows\Microsoft.Net\assembly\GAC_32\System.Transactions\v4.0_4.0.0.0__b77a5c561934e089\System.Transactions.dll'. Skipped loading symbols. Module is optimized and the debugger option 'Just My Code' is enabled.
Microsoft.AspNetCore.Hosting.Internal.WebHost: Information: Request finished in 958.5324ms 302 
'ManagerReports.exe' (CLR v4.0.30319: ManagerReports.exe): Loaded 'C:\Windows\Microsoft.Net\assembly\GAC_32\System.Data.OracleClient\v4.0_4.0.0.0__b77a5c561934e089\System.Data.OracleClient.dll'. Skipped loading symbols. Module is optimized and the debugger option 'Just My Code' is enabled.
'ManagerReports.exe' (CLR v4.0.30319: ManagerReports.exe): Loaded 'C:\Windows\Microsoft.Net\assembly\GAC_32\System.EnterpriseServices\v4.0_4.0.0.0__b03f5f7f11d50a3a\System.EnterpriseServices.dll'. Skipped loading symbols. Module is optimized and the debugger option 'Just My Code' is enabled.
'ManagerReports.exe' (CLR v4.0.30319: ManagerReports.exe): Loaded 'C:\Windows\Microsoft.Net\assembly\GAC_32\System.EnterpriseServices\v4.0_4.0.0.0__b03f5f7f11d50a3a\System.EnterpriseServices.Wrapper.dll'. Skipped loading symbols. Module is optimized and the debugger option 'Just My Code' is enabled.
'ManagerReports.exe' (CLR v4.0.30319: ManagerReports.exe): Loaded 'C:\Windows\Microsoft.Net\assembly\GAC_MSIL\System.Runtime.Caching\v4.0_4.0.0.0__b03f5f7f11d50a3a\System.Runtime.Caching.dll'. Skipped loading symbols. Module is optimized and the debugger option 'Just My Code' is enabled.
'ManagerReports.exe' (CLR v4.0.30319: ManagerReports.exe): Loaded 'C:\Windows\Microsoft.Net\assembly\GAC_MSIL\System.Xml.Linq\v4.0_4.0.0.0__b77a5c561934e089\System.Xml.Linq.dll'. Skipped loading symbols. Module is optimized and the debugger option 'Just My Code' is enabled.
'ManagerReports.exe' (CLR v4.0.30319: ManagerReports.exe): Loaded 'C:\Windows\Microsoft.Net\assembly\GAC_MSIL\System.Runtime.Serialization\v4.0_4.0.0.0__b77a5c561934e089\System.Runtime.Serialization.dll'. Skipped loading symbols. Module is optimized and the debugger option 'Just My Code' is enabled.
'ManagerReports.exe' (CLR v4.0.30319: ManagerReports.exe): Loaded 'EntityFrameworkDynamicProxies-ManagerReports'. 
'ManagerReports.exe' (CLR v4.0.30319: ManagerReports.exe): Loaded 'C:\Users\aschiavone\Desktop\Dumps\Project\ManagerReports\bin\Debug\net452\win7-x86\System.Collections.Immutable.dll'. Skipped loading symbols. Module is optimized and the debugger option 'Just My Code' is enabled.
'ManagerReports.exe' (CLR v4.0.30319: ManagerReports.exe): Loaded 'C:\Users\aschiavone\Desktop\Dumps\Project\ManagerReports\bin\Debug\net452\win7-x86\Microsoft.Extensions.FileProviders.Composite.dll'. Skipped loading symbols. Module is optimized and the debugger option 'Just My Code' is enabled.
Microsoft.AspNetCore.Mvc.ViewFeatures.Internal.ViewResultExecutor: Error: The view 'Index' was not found. Searched locations: /Views/ManagerLog/Index.cshtml, /Views/Shared/Index.cshtml
Microsoft.AspNetCore.Mvc.Internal.ControllerActionInvoker: Information: Executed action ManagerReports.Controllers.Web.ManagerLogController.Index (ManagerReports) in 5599.1551ms
Microsoft.AspNetCore.Diagnostics.DeveloperExceptionPageMiddleware: Error: An unhandled exception has occurred while executing the request

System.InvalidOperationException: The view 'Index' was not found. The following locations were searched:
/Views/ManagerLog/Index.cshtml
/Views/Shared/Index.cshtml
   at Microsoft.AspNetCore.Mvc.ViewEngines.ViewEngineResult.EnsureSuccessful(IEnumerable`1 originalLocations)
   at Microsoft.AspNetCore.Mvc.ViewResult.<ExecuteResultAsync>d__26.MoveNext()
--- End of stack trace from previous location where exception was thrown ---
   at System.Runtime.CompilerServices.TaskAwaiter.ThrowForNonSuccess(Task task)
   at System.Runtime.CompilerServices.TaskAwaiter.HandleNonSuccessAndDebuggerNotification(Task task)
   at Microsoft.AspNetCore.Mvc.Internal.ControllerActionInvoker.<InvokeResultAsync>d__30.MoveNext()
--- End of stack trace from previous location where exception was thrown ---
   at System.Runtime.CompilerServices.TaskAwaiter.ThrowForNonSuccess(Task task)
   at System.Runtime.CompilerServices.TaskAwaiter.HandleNonSuccessAndDebuggerNotification(Task task)
   at Microsoft.AspNetCore.Mvc.Internal.ControllerActionInvoker.<InvokeNextResultFilterAsync>d__28.MoveNext()
--- End of stack trace from previous location where exception was thrown ---
   at Microsoft.AspNetCore.Mvc.Internal.ControllerActionInvoker.Rethrow(ResultExecutedContext context)
   at Microsoft.AspNetCore.Mvc.Internal.ControllerActionInvoker.Next(State& next, Scope& scope, Object& state, Boolean& isCompleted)
   at Microsoft.AspNetCore.Mvc.Internal.ControllerActionInvoker.<InvokeNextResourceFilter>d__22.MoveNext()
--- End of stack trace from previous location where exception was thrown ---
   at Microsoft.AspNetCore.Mvc.Internal.ControllerActionInvoker.Rethrow(ResourceExecutedContext context)
   at Microsoft.AspNetCore.Mvc.Internal.ControllerActionInvoker.Next(State& next, Scope& scope, Object& state, Boolean& isCompleted)
   at Microsoft.AspNetCore.Mvc.Internal.ControllerActionInvoker.<InvokeAsync>d__20.MoveNext()
--- End of stack trace from previous location where exception was thrown ---
   at System.Runtime.CompilerServices.TaskAwaiter.ThrowForNonSuccess(Task task)
   at System.Runtime.CompilerServices.TaskAwaiter.HandleNonSuccessAndDebuggerNotification(Task task)
   at Microsoft.AspNetCore.Builder.RouterMiddleware.<Invoke>d__4.MoveNext()
--- End of stack trace from previous location where exception was thrown ---
   at System.Runtime.CompilerServices.TaskAwaiter.ThrowForNonSuccess(Task task)
   at System.Runtime.CompilerServices.TaskAwaiter.HandleNonSuccessAndDebuggerNotification(Task task)
   at Microsoft.VisualStudio.Web.BrowserLink.BrowserLinkMiddleware.<ExecuteWithFilter>d__7.MoveNext()
--- End of stack trace from previous location where exception was thrown ---
   at System.Runtime.CompilerServices.TaskAwaiter.ThrowForNonSuccess(Task task)
   at System.Runtime.CompilerServices.TaskAwaiter.HandleNonSuccessAndDebuggerNotification(Task task)
   at Microsoft.AspNetCore.Diagnostics.DeveloperExceptionPageMiddleware.<Invoke>d__7.MoveNext()
'ManagerReports.exe' (CLR v4.0.30319: ManagerReports.exe): Loaded 'C:\Users\aschiavone\Desktop\Dumps\Project\ManagerReports\bin\Debug\net452\win7-x86\System.Reflection.Metadata.dll'. Skipped loading symbols. Module is optimized and the debugger option 'Just My Code' is enabled.
'ManagerReports.exe' (CLR v4.0.30319: ManagerReports.exe): Loaded 'C:\Windows\Microsoft.Net\assembly\GAC_MSIL\System.Runtime.Handles\v4.0_4.0.0.0__b03f5f7f11d50a3a\System.Runtime.Handles.dll'. Module was built without symbols.
'ManagerReports.exe' (CLR v4.0.30319: ManagerReports.exe): Loaded 'C:\Windows\Microsoft.Net\assembly\GAC_MSIL\System.Reflection.Extensions\v4.0_4.0.0.0__b03f5f7f11d50a3a\System.Reflection.Extensions.dll'. Skipped loading symbols. Module is optimized and the debugger option 'Just My Code' is enabled.
'ManagerReports.exe' (CLR v4.0.30319: ManagerReports.exe): Loaded 'C:\Windows\Microsoft.Net\assembly\GAC_MSIL\System.Runtime.InteropServices\v4.0_4.0.0.0__b03f5f7f11d50a3a\System.Runtime.InteropServices.dll'. Skipped loading symbols. Module is optimized and the debugger option 'Just My Code' is enabled.
Microsoft.AspNetCore.Hosting.Internal.WebHost: Information: Request finished in 6330.0679ms 500 text/html; charset=utf-8
Microsoft.AspNetCore.Hosting.Internal.WebHost: Information: Request starting HTTP/1.1 GET http://localhost:54036/ManagerLog  
Microsoft.AspNetCore.Mvc.Internal.ControllerActionInvoker: Information: Executing action method ManagerReports.Controllers.Web.ManagerLogController.Index (ManagerReports) with arguments () - ModelState is Valid
Microsoft.AspNetCore.Mvc.ViewFeatures.Internal.ViewResultExecutor: Error: The view 'Index' was not found. Searched locations: /Views/ManagerLog/Index.cshtml, /Views/Shared/Index.cshtml
Microsoft.AspNetCore.Mvc.Internal.ControllerActionInvoker: Information: Executed action ManagerReports.Controllers.Web.ManagerLogController.Index (ManagerReports) in 9.9886ms
Microsoft.AspNetCore.Diagnostics.DeveloperExceptionPageMiddleware: Error: An unhandled exception has occurred while executing the request

System.InvalidOperationException: The view 'Index' was not found. The following locations were searched:
/Views/ManagerLog/Index.cshtml
/Views/Shared/Index.cshtml
   at Microsoft.AspNetCore.Mvc.ViewEngines.ViewEngineResult.EnsureSuccessful(IEnumerable`1 originalLocations)
   at Microsoft.AspNetCore.Mvc.ViewResult.<ExecuteResultAsync>d__26.MoveNext()
--- End of stack trace from previous location where exception was thrown ---
   at System.Runtime.CompilerServices.TaskAwaiter.ThrowForNonSuccess(Task task)
   at System.Runtime.CompilerServices.TaskAwaiter.HandleNonSuccessAndDebuggerNotification(Task task)
   at Microsoft.AspNetCore.Mvc.Internal.ControllerActionInvoker.<InvokeResultAsync>d__30.MoveNext()
--- End of stack trace from previous location where exception was thrown ---
   at System.Runtime.CompilerServices.TaskAwaiter.ThrowForNonSuccess(Task task)
   at System.Runtime.CompilerServices.TaskAwaiter.HandleNonSuccessAndDebuggerNotification(Task task)
   at Microsoft.AspNetCore.Mvc.Internal.ControllerActionInvoker.<InvokeNextResultFilterAsync>d__28.MoveNext()
--- End of stack trace from previous location where exception was thrown ---
   at Microsoft.AspNetCore.Mvc.Internal.ControllerActionInvoker.Rethrow(ResultExecutedContext context)
   at Microsoft.AspNetCore.Mvc.Internal.ControllerActionInvoker.Next(State& next, Scope& scope, Object& state, Boolean& isCompleted)
   at Microsoft.AspNetCore.Mvc.Internal.ControllerActionInvoker.<InvokeNextResourceFilter>d__22.MoveNext()
--- End of stack trace from previous location where exception was thrown ---
   at Microsoft.AspNetCore.Mvc.Internal.ControllerActionInvoker.Rethrow(ResourceExecutedContext context)
   at Microsoft.AspNetCore.Mvc.Internal.ControllerActionInvoker.Next(State& next, Scope& scope, Object& state, Boolean& isCompleted)
   at Microsoft.AspNetCore.Mvc.Internal.ControllerActionInvoker.<InvokeAsync>d__20.MoveNext()
--- End of stack trace from previous location where exception was thrown ---
   at System.Runtime.CompilerServices.TaskAwaiter.ThrowForNonSuccess(Task task)
   at System.Runtime.CompilerServices.TaskAwaiter.HandleNonSuccessAndDebuggerNotification(Task task)
   at Microsoft.AspNetCore.Builder.RouterMiddleware.<Invoke>d__4.MoveNext()
--- End of stack trace from previous location where exception was thrown ---
   at System.Runtime.CompilerServices.TaskAwaiter.ThrowForNonSuccess(Task task)
   at System.Runtime.CompilerServices.TaskAwaiter.HandleNonSuccessAndDebuggerNotification(Task task)
   at Microsoft.VisualStudio.Web.BrowserLink.BrowserLinkMiddleware.<ExecuteWithFilter>d__7.MoveNext()
--- End of stack trace from previous location where exception was thrown ---
   at System.Runtime.CompilerServices.TaskAwaiter.ThrowForNonSuccess(Task task)
   at System.Runtime.CompilerServices.TaskAwaiter.HandleNonSuccessAndDebuggerNotification(Task task)
   at Microsoft.AspNetCore.Diagnostics.DeveloperExceptionPageMiddleware.<Invoke>d__7.MoveNext()
Microsoft.AspNetCore.Hosting.Internal.WebHost: Information: Request finished in 28.382ms 500 text/html; charset=utf-8
